2025-01-04 14:12:06 [INFO] 程序启动
2025-01-04 14:12:06 [INFO] 初始化Chrome浏览器
2025-01-04 14:12:08 [INFO] 开始加载Cookies
2025-01-04 14:12:09 [INFO] 随机延时 4.47 秒
2025-01-04 14:12:14 [INFO] 随机延时 3.79 秒
2025-01-04 14:12:18 [INFO] Cookies加载成功
2025-01-04 14:12:18 [INFO] 使用已保存的Cookies登录
2025-01-04 14:12:20 [INFO] 登录成功！
2025-01-04 14:12:41 [INFO] 开始搜索关键词: 小米su7
2025-01-04 14:12:47 [INFO] 当前页面找到 24 个笔记
2025-01-04 14:12:47 [INFO] 成功提取笔记: 小米su7两周1000公里感受...
2025-01-04 14:12:47 [INFO] 成功提取笔记: 一张图让你看懂小米SU7全车型！配置怎么...
2025-01-04 14:12:47 [INFO] 成功提取笔记: 月薪六千能买小米吗...
2025-01-04 14:12:47 [INFO] 成功提取笔记: ^...
2025-01-04 14:12:48 [INFO] 成功提取笔记: 小米su7驾乘后感...
2025-01-04 14:12:48 [INFO] 成功提取笔记: 来说说入手2个月的小米Su7...
2025-01-04 14:12:48 [INFO] 成功提取笔记: 杨汁赶路...
2025-01-04 14:12:48 [INFO] 成功提取笔记: 小米su7买了会后悔吗...
2025-01-04 14:12:48 [INFO] 成功提取笔记: bba的忠实粉丝 提车小米su7六个月真...
2025-01-04 14:12:48 [INFO] 成功提取笔记: 小米营销还是太厉害了...
2025-01-04 14:12:48 [WARNING] 未找到标题
2025-01-04 14:12:48 [WARNING] 未找到笔记链接
2025-01-04 14:12:48 [WARNING] 未找到作者
2025-01-04 14:12:48 [WARNING] 未找到点赞数
2025-01-04 14:12:48 [INFO] 成功提取笔记: 感受下开 SU7 接你出门…...
2025-01-04 14:12:48 [INFO] 成功提取笔记: SU 7 半天驾后感...
2025-01-04 14:12:48 [INFO] 成功提取笔记: 月薪6k，建议买小米SU 7不？...
2025-01-04 14:12:48 [INFO] 成功提取笔记: 开了快一个月小米su7了，来说说优缺点...
2025-01-04 14:12:48 [INFO] 成功提取笔记: 26全款拿下小米su7...
2025-01-04 14:12:48 [INFO] 成功提取笔记: su7我真真真买后悔了！...
2025-01-04 14:12:48 [INFO] 成功提取笔记: 二十多万的车子，一百多万的颜值 太爱了...
2025-01-04 14:12:48 [INFO] 成功提取笔记: 体制内买小米求劝退...
2025-01-04 14:12:48 [INFO] 成功提取笔记: 🎉热门车小米SU7，生活新选择✨...
2025-01-04 14:12:48 [INFO] 成功提取笔记: 订个车，给我爸整上火了。😅...
2025-01-04 14:12:48 [WARNING] 未找到标题
2025-01-04 14:12:49 [WARNING] 未找到笔记链接
2025-01-04 14:12:49 [WARNING] 未找到作者
2025-01-04 14:12:49 [WARNING] 未找到点赞数
2025-01-04 14:12:49 [INFO] 成功提取笔记: 小米su7提车啦！...
2025-01-04 14:12:49 [INFO] 成功提取笔记: 小米su7这颜值！！...
2025-01-04 14:12:51 [INFO] 当前页面找到 24 个笔记
2025-01-04 14:12:51 [WARNING] 未找到标题
2025-01-04 14:12:51 [WARNING] 未找到笔记链接
2025-01-04 14:12:51 [WARNING] 未找到作者
2025-01-04 14:12:51 [WARNING] 未找到点赞数
2025-01-04 14:12:51 [INFO] 成功提取笔记: SU7️⃣是真好看啊...
2025-01-04 14:12:51 [INFO] 成功提取笔记: 月薪5千，适合买小米su7吗？...
2025-01-04 14:12:51 [INFO] 成功提取笔记: 开过小米su7车主一人给一个优点缺点呗...
2025-01-04 14:12:51 [INFO] 成功提取笔记: 在许昌45天提车su7...
2025-01-04 14:12:51 [INFO] 成功提取笔记: 小米 su7 告诉你我所知道的一切～...
2025-01-04 14:12:51 [INFO] 成功提取笔记: su7 高配和低配简直是两款车！！...
2025-01-04 14:12:51 [INFO] 成功提取笔记: 一位小米特斯拉双车主的真实感受...
2025-01-04 14:12:51 [WARNING] 未找到标题
2025-01-04 14:12:51 [WARNING] 未找到笔记链接
2025-01-04 14:12:51 [WARNING] 未找到作者
2025-01-04 14:12:51 [WARNING] 未找到点赞数
2025-01-04 14:12:51 [INFO] 成功提取笔记: 男孩子们买辆车吧 不用多好 能挡雨就行...
2025-01-04 14:12:52 [INFO] 成功提取笔记: 买车到底听谁的！...
2025-01-04 14:12:52 [INFO] 成功提取笔记: 小米SU7的后排简直坐牢...
2025-01-04 14:12:54 [INFO] 当前页面找到 24 个笔记
2025-01-04 14:12:54 [WARNING] 未找到标题
2025-01-04 14:12:54 [WARNING] 未找到笔记链接
2025-01-04 14:12:54 [WARNING] 未找到作者
2025-01-04 14:12:54 [WARNING] 未找到点赞数
2025-01-04 14:12:54 [INFO] 成功提取笔记: 心心念念的su7终于开上啦...
2025-01-04 14:12:54 [INFO] 成功提取笔记: 挑战不靠父母买小米su7，Day14...
2025-01-04 14:12:54 [INFO] 成功提取笔记: 小米su7情绪价值拉满了...
2025-01-04 14:12:54 [INFO] 成功提取笔记: 在最穷的年纪看上了小米SU7😭...
2025-01-04 14:12:54 [INFO] 成功提取笔记: 小米su7能提前提车吗...
2025-01-04 14:12:54 [INFO] 成功提取笔记: Su7现在买还是明年买（非常听劝！！！）...
2025-01-04 14:12:54 [INFO] 成功提取笔记: 是不是每个考虑预算的人买小米都纠结...
2025-01-04 14:12:54 [INFO] 成功提取笔记: 04男大喜提 小米su7pro...
2025-01-04 14:12:54 [WARNING] 未找到标题
2025-01-04 14:12:54 [WARNING] 未找到笔记链接
2025-01-04 14:12:54 [WARNING] 未找到作者
2025-01-04 14:12:54 [WARNING] 未找到点赞数
2025-01-04 14:12:54 [INFO] 成功提取笔记: 喜提小米su7✨居然打开了快乐百宝箱🎁...
2025-01-04 14:12:54 [INFO] 成功提取笔记: 提小米su7的第91天，欢迎大家提问！...
2025-01-04 14:12:54 [INFO] 成功提取笔记: 小米Su7 Max原声｜🚗沉浸式开车听歌...
2025-01-04 14:12:55 [INFO] 成功提取笔记: 小米SU7之间的区别你知道吗...
2025-01-04 14:12:57 [INFO] 当前页面找到 24 个笔记
2025-01-04 14:12:57 [WARNING] 未找到标题
2025-01-04 14:12:57 [WARNING] 未找到笔记链接
2025-01-04 14:12:57 [WARNING] 未找到作者
2025-01-04 14:12:57 [WARNING] 未找到点赞数
2025-01-04 14:12:57 [INFO] 成功提取笔记: 一个月体验下来关于小米su7max优缺点...
2025-01-04 14:12:57 [INFO] 成功提取笔记: 买了小米SU7感觉好丢人啊。。...
2025-01-04 14:12:57 [INFO] 成功提取笔记: 雷总真的不能出一个无雷达版本的max吗...
2025-01-04 14:12:57 [INFO] 成功提取笔记: 决赛圈了，su7有没有必要上pro...
2025-01-04 14:12:57 [INFO] 成功提取笔记: 一直不喜欢小米su7尾部炮筒的设计...
2025-01-04 14:12:57 [WARNING] 未找到标题
2025-01-04 14:12:57 [WARNING] 未找到笔记链接
2025-01-04 14:12:57 [WARNING] 未找到作者
2025-01-04 14:12:57 [WARNING] 未找到点赞数
2025-01-04 14:12:57 [INFO] 成功提取笔记: 小米Su7尾翼一动，说明就要留给大家背影...
2025-01-04 14:12:57 [INFO] 成功提取笔记: 小米su7在东北☃️...
2025-01-04 14:12:57 [INFO] 成功提取笔记: su7提车50天，有啥问题直接问...
2025-01-04 14:12:57 [INFO] 成功提取笔记: 小米新车公布了 我的SU7不香了...
2025-01-04 14:12:57 [INFO] 成功提取笔记: 说个暴论：小米SU7大大扭转了米粉的形象...
2025-01-04 14:12:58 [INFO] 成功提取笔记: 小米你真别太离谱...
2025-01-04 14:12:58 [INFO] 成功提取笔记: 这个侧颜值20w...
2025-01-04 14:13:00 [INFO] 当前页面找到 24 个笔记
2025-01-04 14:13:00 [WARNING] 未找到标题
2025-01-04 14:13:00 [WARNING] 未找到笔记链接
2025-01-04 14:13:00 [WARNING] 未找到作者
2025-01-04 14:13:00 [WARNING] 未找到点赞数
2025-01-04 14:13:00 [INFO] 成功提取笔记: 很难不爱双灰的小米SU7...
2025-01-04 14:13:00 [INFO] 成功提取笔记: SU7 订单还在涨…...
2025-01-04 14:13:00 [INFO] 成功提取笔记: 小米SU7一年交付13万台！小米YU7赶...
2025-01-04 14:13:00 [INFO] 成功提取笔记: 小米su7pro51天生产下线，还有更快...
2025-01-04 14:13:00 [WARNING] 未找到标题
2025-01-04 14:13:00 [WARNING] 未找到笔记链接
2025-01-04 14:13:00 [WARNING] 未找到作者
2025-01-04 14:13:00 [WARNING] 未找到点赞数
2025-01-04 14:13:00 [INFO] 成功提取笔记: 直戳审美的琉璃方糖|小米SU7改色...
2025-01-04 14:13:00 [INFO] 成功提取笔记: 为什么小米SU7这么火？...
2025-01-04 14:13:00 [INFO] 成功提取笔记: 10 月份交付的su7 已经变半价了...
2025-01-04 14:13:00 [INFO] 成功提取笔记: 小米su7，不一样的黑武士...
2025-01-04 14:13:00 [INFO] 成功提取笔记: 讲真的 再给你一次机会你还会选择小米Su...
2025-01-04 14:13:01 [INFO] 成功提取笔记: 肉装Strawberry Serhoo...
2025-01-04 14:13:01 [INFO] 成功提取笔记: 真离谱，小米su7等了半年，提车后居然这...
2025-01-04 14:13:03 [INFO] 当前页面找到 24 个笔记
2025-01-04 14:13:03 [WARNING] 未找到标题
2025-01-04 14:13:03 [WARNING] 未找到笔记链接
2025-01-04 14:13:03 [WARNING] 未找到作者
2025-01-04 14:13:03 [WARNING] 未找到点赞数
2025-01-04 14:13:03 [INFO] 成功提取笔记: 极限五选一...
2025-01-04 14:13:03 [INFO] 成功提取笔记: 一辆小米SU7一年需要花多少钱？？...
2025-01-04 14:13:03 [WARNING] 未找到标题
2025-01-04 14:13:03 [WARNING] 未找到笔记链接
2025-01-04 14:13:03 [WARNING] 未找到作者
2025-01-04 14:13:03 [WARNING] 未找到点赞数
2025-01-04 14:13:03 [INFO] 成功提取笔记: 提车四个月su7瘫痪了...
2025-01-04 14:13:03 [INFO] 成功提取笔记: 八千块钱到底加不加啊昨天纠结到现在了...
2025-01-04 14:13:03 [INFO] 成功提取笔记: 突然对紫色无法抵抗了...
2025-01-04 14:13:03 [INFO] 成功提取笔记: 为什么小米su7这么火？...
2025-01-04 14:13:03 [INFO] 成功提取笔记: 特斯拉model 3还是小米su7！...
2025-01-04 14:13:03 [INFO] 成功提取笔记: 终于开上小米su7了😎...
2025-01-04 14:13:03 [INFO] 成功提取笔记: 小米Su7真的不合适家用？...
2025-01-04 14:13:04 [INFO] 成功提取笔记: 小米Su7到底哪个颜色好看，值得入...
2025-01-04 14:13:04 [INFO] 成功提取笔记: 小米su7开成这样，我慌了...
2025-01-04 14:13:06 [INFO] 当前页面找到 24 个笔记
2025-01-04 14:13:06 [WARNING] 未找到标题
2025-01-04 14:13:06 [WARNING] 未找到笔记链接
2025-01-04 14:13:06 [WARNING] 未找到作者
2025-01-04 14:13:06 [WARNING] 未找到点赞数
2025-01-04 14:13:06 [INFO] 成功提取笔记: 小米su7max提车啦！！！历经58天！...
2025-01-04 14:13:06 [INFO] 成功提取笔记: 小米su7 的产能为什么跟不上来？...
2025-01-04 14:13:06 [WARNING] 未找到标题
2025-01-04 14:13:06 [WARNING] 未找到笔记链接
2025-01-04 14:13:06 [WARNING] 未找到作者
2025-01-04 14:13:06 [WARNING] 未找到点赞数
2025-01-04 14:13:06 [INFO] 成功提取笔记: 小米SU7各版本区别...
2025-01-04 14:13:06 [INFO] 成功提取笔记: 小米选配...
2025-01-04 14:13:06 [INFO] 成功提取笔记: 试驾小米su7，纠结买小米还是极氪007...
2025-01-04 14:13:06 [INFO] 成功提取笔记: 小米su7落地需费用计算...
2025-01-04 14:13:06 [INFO] 成功提取笔记: 现在买SU7还是等YU7...
2025-01-04 14:13:06 [INFO] 成功提取笔记: 刚毕业的第一台车怎么选？...
2025-01-04 14:13:06 [INFO] 成功提取笔记: 雷总就是永远的神！...
2025-01-04 14:13:06 [INFO] 成功提取笔记: 预算二十几万选小米su7还是model3...
2025-01-04 14:13:06 [INFO] 成功提取笔记: 50多天拿下小米su7...
2025-01-04 14:13:09 [INFO] 当前页面找到 24 个笔记
2025-01-04 14:13:09 [WARNING] 未找到标题
2025-01-04 14:13:09 [WARNING] 未找到笔记链接
2025-01-04 14:13:09 [WARNING] 未找到作者
2025-01-04 14:13:09 [WARNING] 未找到点赞数
2025-01-04 14:13:09 [WARNING] 未找到标题
2025-01-04 14:13:09 [WARNING] 未找到笔记链接
2025-01-04 14:13:09 [WARNING] 未找到作者
2025-01-04 14:13:09 [WARNING] 未找到点赞数
2025-01-04 14:13:09 [INFO] 成功提取笔记: 雷总真的在努力打螺丝了...
2025-01-04 14:13:09 [INFO] 成功提取笔记: 元旦放价！小米17.83万的标准版，太香...
2025-01-04 14:13:09 [INFO] 成功提取笔记: SU7到底有多安全！...
2025-01-04 14:13:09 [INFO] 成功提取笔记: 能不能把Su7转成Yu7啊，真是崩溃了...
2025-01-04 14:13:09 [INFO] 成功提取笔记: 居然圣诞节当天提到小米啦...
2025-01-04 14:13:09 [INFO] 成功提取笔记: 提小米su 7半个月了，发现su 7最大...
2025-01-04 14:13:09 [INFO] 成功提取笔记: 小米 YU7 明年只有 5W 产能…...
2025-01-04 14:13:09 [INFO] 成功提取笔记: 喜提新车|小米su7...
2025-01-04 14:13:09 [INFO] 成功提取笔记: 小米SU7哨兵一周掉70%！关后仅掉2%...
2025-01-04 14:13:09 [INFO] 成功提取笔记: 小米su7下定，终于老实了...
2025-01-04 14:13:09 [INFO] 成功提取笔记: 小米Su7第一次事故，对方全责但不给我报...
2025-01-04 14:13:10 [WARNING] 未找到标题
2025-01-04 14:13:10 [WARNING] 未找到笔记链接
2025-01-04 14:13:10 [WARNING] 未找到作者
2025-01-04 14:13:10 [WARNING] 未找到点赞数
2025-01-04 14:13:12 [INFO] 当前页面找到 24 个笔记
2025-01-04 14:13:12 [WARNING] 未找到标题
2025-01-04 14:13:12 [WARNING] 未找到笔记链接
2025-01-04 14:13:12 [WARNING] 未找到作者
2025-01-04 14:13:12 [WARNING] 未找到点赞数
2025-01-04 14:13:12 [INFO] 成功提取笔记: 等等党赢麻了，小米su7的补贴太香了...
2025-01-04 14:13:12 [INFO] 成功提取笔记: 女生小白小米su7求建议...
2025-01-04 14:13:12 [INFO] 成功提取笔记: 辣鸡小米交付！！！...
2025-01-04 14:13:12 [INFO] 成功提取笔记: 小米su7提车一周不到，出现好几个问题...
2025-01-04 14:13:12 [INFO] 成功提取笔记: 小米用车一个月感受...
2025-01-04 14:13:12 [INFO] 成功提取笔记: 感受下小米 SU7 车漆质感…...
2025-01-04 14:13:12 [INFO] 成功提取笔记: 小米su7标准版交付像屎一样烂...
2025-01-04 14:13:12 [INFO] 成功提取笔记: 小米 你生产的也太快了吧！...
2025-01-04 14:13:12 [INFO] 成功提取笔记: 小米快交付了反而没那么想要了...
2025-01-04 14:13:12 [INFO] 成功提取笔记: 诚问：小米su7max一月下订多久能提车...
2025-01-04 14:13:12 [INFO] 成功提取笔记: 小米Su7到底怎么回事啊...
2025-01-04 14:13:13 [INFO] 成功提取笔记: 小米SU7配置...
2025-01-04 14:13:15 [INFO] 当前页面找到 24 个笔记
2025-01-04 14:13:15 [INFO] 成功提取笔记: 到底一个月挣多少买的起保时米❗...
2025-01-04 14:13:15 [INFO] 成功提取笔记: 挑战全网最快丐版标配小米su7提车...
2025-01-04 14:13:15 [INFO] 成功提取笔记: 买垃圾小米，享冤种人生...
2025-01-04 14:13:15 [INFO] 成功提取笔记: 新能源汽车福利君...
2025-01-04 14:13:15 [INFO] 成功提取笔记: 小米su7真实续航，我真的不到300km...
2025-01-04 14:13:15 [INFO] 成功提取笔记: 小米 su7 才提车，玻璃就被弹裂啦...
2025-01-04 14:13:15 [INFO] 成功提取笔记: 小米Su7，打赢了吗？...
2025-01-04 14:13:15 [INFO] 成功提取笔记: 月入8000能养的起小米Su7吗？...
2025-01-04 14:13:15 [INFO] 成功提取笔记: 把小米SU7从中国开到泰国马来西亚...
2025-01-04 14:13:15 [INFO] 成功提取笔记: 小米SU7是质量最好，故障最少最轻微一辆...
2025-01-04 14:13:15 [INFO] 成功提取笔记: 阿枫故事汇...
2025-01-04 14:13:15 [INFO] 成功提取笔记: 小米su7雅灰色！！！...
2025-01-04 14:13:18 [INFO] 当前页面找到 24 个笔记
2025-01-04 14:13:18 [INFO] 成功提取笔记: 月入4000能买小米su7吗...
2025-01-04 14:13:18 [INFO] 成功提取笔记: 明年小米 SUV 会很难抢…...
2025-01-04 14:13:18 [INFO] 成功提取笔记: 终于可以实时查询小米su7进度啦！！！...
2025-01-04 14:13:18 [INFO] 成功提取笔记: 在上海真的可以 20w 出头开上小米 S...
2025-01-04 14:13:18 [INFO] 成功提取笔记: 两眼一黑👊12月小米su7还是扛不住了❗...
2025-01-04 14:13:18 [INFO] 成功提取笔记: 为什么小米su7现在会这么火？...
2025-01-04 14:13:18 [INFO] 成功提取笔记: 最终还是买了😭感谢小米su7车友不骗之恩...
2025-01-04 14:13:18 [INFO] 成功提取笔记: 小米su7提车时间参考...
2025-01-04 14:13:18 [INFO] 成功提取笔记: 西安 ！锁单57天喜提SU7！...
2025-01-04 14:13:18 [INFO] 成功提取笔记: 小米Su7最快提车攻略来了——6天提车！...
2025-01-04 14:13:18 [INFO] 成功提取笔记: su7最好看的颜色...
2025-01-04 14:13:18 [INFO] 成功提取笔记: 老爸提完小米su7整个人都不好了😥...
2025-01-04 14:13:20 [INFO] 当前页面找到 24 个笔记
2025-01-04 14:13:21 [INFO] 成功提取笔记: 我怀疑他是故意停在这的但我没有证据...
2025-01-04 14:13:21 [INFO] 成功提取笔记: 救命啊，真的超级焦虑...
2025-01-04 14:13:21 [INFO] 成功提取笔记: 小米家族成员合照，su7和yu7你更喜欢...
2025-01-04 14:13:21 [INFO] 成功提取笔记: 提车一个星期不到，断脚了 服了自己...
2025-01-04 14:13:21 [INFO] 成功提取笔记: 🤬吐槽小米su7上万的天价车险...
2025-01-04 14:13:21 [INFO] 成功提取笔记: 喜提“酥妻”🚗小米SU7 终于等到新成员...
2025-01-04 14:13:21 [INFO] 成功提取笔记: 供不应求的小米VS濒临倒闭的极越...
2025-01-04 14:13:21 [INFO] 成功提取笔记: 雷总诚不欺我，给小米SU7创始版车主返全...
2025-01-04 14:13:21 [INFO] 成功提取笔记: 小米SU7一年下来的费用到底是多少？！...
2025-01-04 14:13:21 [INFO] 成功提取笔记: 唉 小米su7啊买不起也养不起 无比后悔...
2025-01-04 14:13:21 [INFO] 成功提取笔记: Su7 快到碗里来...
2025-01-04 14:13:23 [INFO] 当前页面找到 24 个笔记
2025-01-04 14:13:24 [INFO] 成功提取笔记: 小米Su7...
2025-01-04 14:13:24 [INFO] 成功提取笔记: 小米SU7 还是白色帅啊😍...
2025-01-04 14:13:24 [INFO] 成功提取笔记: 只有我觉得小米SU7官方分期很不划算吗...
2025-01-04 14:13:24 [INFO] 成功提取笔记: 一张图看懂小米SU7全车型！配置怎么选？...
2025-01-04 14:13:24 [INFO] 成功提取笔记: 小米su7交通事故率为什么那么高？...
2025-01-04 14:13:24 [INFO] 成功提取笔记: su7首付3w就够了？...
2025-01-04 14:13:24 [INFO] 成功提取笔记: 倔强奶爸...
2025-01-04 14:13:24 [INFO] 成功提取笔记: 早上好 没有方向盘加热的杂牌车车主...
2025-01-04 14:13:24 [INFO] 成功提取笔记: 小米su7可以在小程序自助查询交付进度了...
2025-01-04 14:13:24 [INFO] 成功提取笔记: 存钱买小米su7 存款5000开始...
2025-01-04 14:13:24 [INFO] 成功提取笔记: 小米Su7MAX提车28天真实用车体验！...
2025-01-04 14:13:26 [INFO] 当前页面找到 24 个笔记
2025-01-04 14:13:27 [INFO] 成功提取笔记: 现在小米还值得等吗...
2025-01-04 14:13:27 [INFO] 成功提取笔记: 关于小米 SU7 雷总没有告诉大家的是…...
2025-01-04 14:13:27 [INFO] 成功提取笔记: su7颜色排名你会怎么选？...
2025-01-04 14:13:27 [INFO] 成功提取笔记: 恐怖的雷军：SU7每台毛利润4.17万...
2025-01-04 14:13:27 [INFO] 成功提取笔记: 沉浸式开小米su7🧊...
2025-01-04 14:13:27 [INFO] 成功提取笔记: 雷军也意外！小米 SU7 销量惊现大反转...
2025-01-04 14:13:27 [INFO] 成功提取笔记: 小米su7避雷，一定要进来看！...
2025-01-04 14:13:27 [INFO] 成功提取笔记: 小米su7交付混乱，销售对我爱答不理...
2025-01-04 14:13:27 [INFO] 成功提取笔记: 为什么小米su7这么火？...
2025-01-04 14:13:27 [INFO] 成功提取笔记: 提车三个月，小米Su7遭售后毁车扩损...
2025-01-04 14:13:27 [INFO] 成功提取笔记: 为什么小米su7这么火？...
2025-01-04 14:13:27 [INFO] 成功提取笔记: su7提车啦！五个月漫长的故事～顺延提车...
2025-01-04 14:13:27 [INFO] 成功提取笔记: 不懂就问，还有谁不知道小米su7补这么多...
2025-01-04 14:13:29 [INFO] 当前页面找到 24 个笔记
2025-01-04 14:13:30 [INFO] 成功提取笔记: 救命现在到底该不该订小米su7😭...
2025-01-04 14:13:30 [INFO] 成功提取笔记: 早听说小米su7服务差，没想到差成这样！...
2025-01-04 14:13:30 [INFO] 成功提取笔记: su7底盘...
2025-01-04 14:13:30 [INFO] 成功提取笔记: 雷总也太客气了...
2025-01-04 14:13:30 [INFO] 成功提取笔记: 我的人生建议：不要买小米su7...
2025-01-04 14:13:30 [INFO] 成功提取笔记: 今年过年开su7回村里 要替小米说话吗...
2025-01-04 14:13:30 [INFO] 成功提取笔记: su7刚问完什么时候提车过了一个小时就…...
2025-01-04 14:13:30 [INFO] 成功提取笔记: 南通小米交付中心好大的门店...
2025-01-04 14:13:30 [INFO] 成功提取笔记: 小米su7修复价格也不低！！！...
2025-01-04 14:13:30 [INFO] 成功提取笔记: su7最被低估的一个颜色...
2025-01-04 14:13:30 [INFO] 成功提取笔记: 欠车一时爽，一直欠车一直爽...
2025-01-04 14:13:30 [INFO] 成功提取笔记: 现在订小米su7,什么时候时候才能提车啊...
2025-01-04 14:13:32 [INFO] 当前页面找到 24 个笔记
2025-01-04 14:13:33 [INFO] 成功提取笔记: 等等党赢麻了，小米su7的补贴太香了...
2025-01-04 14:13:33 [INFO] 成功提取笔记: 小米su7标准版19寸低风阻拆盖效果...
2025-01-04 14:13:33 [INFO] 成功提取笔记: 小米SU7黑色挺好看的，可惜创始版没有...
2025-01-04 14:13:33 [INFO] 成功提取笔记: 小米产品专家 不懂就问...
2025-01-04 14:13:33 [INFO] 成功提取笔记: 提小米su7的第96天 我又发现了个重大...
2025-01-04 14:13:33 [INFO] 成功提取笔记: 小米SU7都卖到哪里了？...
2025-01-04 14:13:33 [INFO] 成功提取笔记: 今天的小米su7，别用自动泊车了！...
2025-01-04 14:13:33 [INFO] 成功提取笔记: 直戳审美的琉璃方糖|小米SU7改色 . ...
2025-01-04 14:13:33 [INFO] 成功提取笔记: 小米SU7智驾Pro版22万拿下‼️...
2025-01-04 14:13:33 [INFO] 成功提取笔记: 一天点进去看八百遍我的小米su7...
2025-01-04 14:13:33 [INFO] 成功提取笔记: 虽然小米SU7销量才十一万辆（2024....
2025-01-04 14:13:33 [INFO] 成功提取笔记: 友商们are you ok?...
2025-01-04 14:13:33 [INFO] 成功提取笔记: 这就是 SU7 没选黑白的原因…...
2025-01-04 14:13:35 [INFO] 当前页面找到 24 个笔记
2025-01-04 14:13:36 [INFO] 成功提取笔记: 小米SU7标准版和中配PRO还有顶配MA...
2025-01-04 14:13:36 [INFO] 成功提取笔记: 小米su7➕5000立马提车值不值...
2025-01-04 14:13:36 [INFO] 成功提取笔记: 白色的小米Su7才是斩男又斩女！...
2025-01-04 14:13:36 [INFO] 成功提取笔记: 年度史低！小米SU7崩了😭...
2025-01-04 14:13:36 [INFO] 成功提取笔记: 小米su7扛不住了，车价血崩😭...
2025-01-04 14:13:36 [INFO] 成功提取笔记: 一张图看懂小米SU7全车型！配置怎么选？...
2025-01-04 14:13:36 [INFO] 成功提取笔记: 小米SU7一血😭...
2025-01-04 14:13:36 [INFO] 成功提取笔记: 这是绝望加倍？...
2025-01-04 14:13:36 [INFO] 成功提取笔记: 小米su7“战损版”！？...
2025-01-04 14:13:36 [INFO] 成功提取笔记: 区别真的很大吗？是你怎么选...
2025-01-04 14:13:36 [INFO] 成功提取笔记: 苏喜喜...
2025-01-04 14:13:36 [INFO] 成功提取笔记: 为什么小米 SU7宁愿定价 21.59W...
2025-01-04 14:13:38 [INFO] 当前页面找到 23 个笔记
2025-01-04 14:13:39 [INFO] 成功提取笔记: 小米售后，喷漆都能进沙子！真“专业”...
2025-01-04 14:13:39 [INFO] 成功提取笔记: 我开小米su7，能走进你的心里吗？...
2025-01-04 14:13:39 [INFO] 成功提取笔记: su7其实真的不难选...
2025-01-04 14:13:39 [INFO] 成功提取笔记: 小米 SU7 都卖到了哪个城市？...
2025-01-04 14:13:39 [INFO] 成功提取笔记: 近期想买小米su7的，别傻傻的吃大亏了...
2025-01-04 14:13:39 [INFO] 成功提取笔记: 为什么小米su7产能跟不上？...
2025-01-04 14:13:39 [INFO] 成功提取笔记: 小米su7把这个丢掉！毛坯秒变精装？！！...
2025-01-04 14:13:39 [INFO] 成功提取笔记: 小米su7快点下线...
2025-01-04 14:13:39 [INFO] 成功提取笔记: su7的区别您知道吗...
2025-01-04 14:13:39 [INFO] 成功提取笔记: 小米SU7底盘真的太太太容易被剐蹭了！！...
2025-01-04 14:13:39 [INFO] 成功提取笔记: 小米Su7为什么这么火？...
2025-01-04 14:13:39 [INFO] 成功提取笔记: 恭喜我成为尊贵的小米SU7车主...
2025-01-04 14:13:41 [INFO] 未检测到新内容，重试次数: 1/3
2025-01-04 14:13:41 [INFO] 当前页面找到 10 个笔记
2025-01-04 14:13:43 [INFO] 未检测到新内容，重试次数: 2/3
2025-01-04 14:13:43 [INFO] 当前页面找到 10 个笔记
2025-01-04 14:13:46 [INFO] 未检测到新内容，重试次数: 3/3
2025-01-04 14:13:46 [INFO] 滚动加载完成，共获取到 220 条笔记
2025-01-04 14:13:46 [INFO] 共获取到 220 条笔记，去重后剩余 220 条
2025-01-04 14:13:46 [INFO] 共获取到 220 条笔记
2025-01-04 14:13:46 [INFO] 笔记数据已保存到文件: data/小米su7_notes.json
2025-01-04 14:13:46 [INFO] 关闭浏览器
